<?xml version="1.0" encoding="UTF-8"?>
<!-- Generated by org.testng.reporters.JUnitXMLReporter -->
<testsuite ignored="0" hostname="LAPTOP-34RV87CD" failures="0" tests="8" name="Default test" time="29.759" errors="0" timestamp="2024-03-23T21:54:58 IST">
  <testcase classname="WorldLine.Assessment1.RegisterationTest" name="openWebsite" time="4.43"/>
  <testcase classname="WorldLine.Assessment1.RegisterationTest" name="registerUser" time="1.171"/>
  <testcase classname="WorldLine.Assessment1.RegisterationTest" name="loginCheck" time="3.623"/>
  <testcase classname="WorldLine.Assessment1.RegisterationTest" name="searchItem" time="15.929"/>
  <testcase classname="WorldLine.Assessment1.RegisterationTest" name="selectItem" time="1.052"/>
  <testcase classname="WorldLine.Assessment1.RegisterationTest" name="addtoCartandViewCart" time="2.098"/>
  <testcase classname="WorldLine.Assessment1.RegisterationTest" name="logOut" time="1.31"/>
  <testcase classname="WorldLine.Assessment1.RegisterationTest" name="terminatedriver" time="0.101"/>
</testsuite> <!-- Default test -->
